{"/Users/utkarsh/dev/typegraphql-authchecker/src/index.ts": {"path":"/Users/utkarsh/dev/typegraphql-authchecker/src/index.ts","all":false,"statementMap":{"0":{"start":{"line":1,"column":0},"end":{"line":1,"column":26}},"1":{"start":{"line":2,"column":0},"end":{"line":2,"column":44}},"2":{"start":{"line":3,"column":0},"end":{"line":3,"column":0}},"3":{"start":{"line":4,"column":0},"end":{"line":4,"column":39}},"4":{"start":{"line":5,"column":0},"end":{"line":5,"column":31}},"5":{"start":{"line":6,"column":0},"end":{"line":6,"column":32}},"6":{"start":{"line":7,"column":0},"end":{"line":7,"column":0}},"7":{"start":{"line":8,"column":0},"end":{"line":8,"column":38}},"8":{"start":{"line":9,"column":0},"end":{"line":9,"column":22}},"9":{"start":{"line":10,"column":0},"end":{"line":10,"column":28}},"10":{"start":{"line":11,"column":0},"end":{"line":11,"column":26}},"11":{"start":{"line":12,"column":0},"end":{"line":12,"column":0}},"12":{"start":{"line":13,"column":0},"end":{"line":13,"column":48}},"13":{"start":{"line":14,"column":0},"end":{"line":14,"column":29}},"14":{"start":{"line":15,"column":0},"end":{"line":15,"column":30}},"15":{"start":{"line":16,"column":0},"end":{"line":16,"column":30}},"16":{"start":{"line":17,"column":0},"end":{"line":17,"column":1}},"17":{"start":{"line":18,"column":0},"end":{"line":18,"column":0}},"18":{"start":{"line":19,"column":0},"end":{"line":19,"column":26}},"19":{"start":{"line":20,"column":0},"end":{"line":20,"column":20}},"20":{"start":{"line":21,"column":0},"end":{"line":21,"column":33}},"21":{"start":{"line":22,"column":0},"end":{"line":22,"column":5}},"22":{"start":{"line":23,"column":0},"end":{"line":23,"column":43}},"23":{"start":{"line":24,"column":0},"end":{"line":24,"column":18}},"24":{"start":{"line":25,"column":0},"end":{"line":25,"column":32}},"25":{"start":{"line":26,"column":0},"end":{"line":26,"column":0}},"26":{"start":{"line":27,"column":0},"end":{"line":27,"column":25}},"27":{"start":{"line":28,"column":0},"end":{"line":28,"column":20}},"28":{"start":{"line":29,"column":0},"end":{"line":29,"column":33}},"29":{"start":{"line":30,"column":0},"end":{"line":30,"column":43}},"30":{"start":{"line":31,"column":0},"end":{"line":31,"column":0}},"31":{"start":{"line":32,"column":0},"end":{"line":32,"column":46}},"32":{"start":{"line":33,"column":0},"end":{"line":33,"column":36}},"33":{"start":{"line":34,"column":0},"end":{"line":34,"column":16}},"34":{"start":{"line":35,"column":0},"end":{"line":35,"column":3}},"35":{"start":{"line":36,"column":0},"end":{"line":36,"column":15}},"36":{"start":{"line":37,"column":0},"end":{"line":37,"column":1}},"37":{"start":{"line":38,"column":0},"end":{"line":38,"column":0}},"38":{"start":{"line":39,"column":0},"end":{"line":39,"column":55}},"39":{"start":{"line":40,"column":0},"end":{"line":40,"column":29}},"40":{"start":{"line":41,"column":0},"end":{"line":41,"column":62}},"41":{"start":{"line":42,"column":0},"end":{"line":42,"column":48}},"42":{"start":{"line":43,"column":0},"end":{"line":43,"column":33}},"43":{"start":{"line":44,"column":0},"end":{"line":44,"column":7}},"44":{"start":{"line":45,"column":0},"end":{"line":45,"column":19}},"45":{"start":{"line":46,"column":0},"end":{"line":46,"column":13}},"46":{"start":{"line":47,"column":0},"end":{"line":47,"column":26}},"47":{"start":{"line":48,"column":0},"end":{"line":48,"column":3}},"48":{"start":{"line":49,"column":0},"end":{"line":49,"column":15}},"49":{"start":{"line":50,"column":0},"end":{"line":50,"column":1}},"50":{"start":{"line":51,"column":0},"end":{"line":51,"column":0}},"51":{"start":{"line":52,"column":0},"end":{"line":52,"column":61}},"52":{"start":{"line":53,"column":0},"end":{"line":53,"column":58}},"53":{"start":{"line":54,"column":0},"end":{"line":54,"column":16}},"54":{"start":{"line":55,"column":0},"end":{"line":55,"column":10}},"55":{"start":{"line":56,"column":0},"end":{"line":56,"column":17}},"56":{"start":{"line":57,"column":0},"end":{"line":57,"column":3}},"57":{"start":{"line":58,"column":0},"end":{"line":58,"column":1}},"58":{"start":{"line":59,"column":0},"end":{"line":59,"column":0}},"59":{"start":{"line":60,"column":0},"end":{"line":60,"column":49}},"60":{"start":{"line":61,"column":0},"end":{"line":61,"column":32}},"61":{"start":{"line":62,"column":0},"end":{"line":62,"column":14}},"62":{"start":{"line":63,"column":0},"end":{"line":63,"column":6}},"63":{"start":{"line":64,"column":0},"end":{"line":64,"column":22}},"64":{"start":{"line":65,"column":0},"end":{"line":65,"column":54}},"65":{"start":{"line":66,"column":0},"end":{"line":66,"column":35}},"66":{"start":{"line":67,"column":0},"end":{"line":67,"column":80}},"67":{"start":{"line":68,"column":0},"end":{"line":68,"column":78}},"68":{"start":{"line":69,"column":0},"end":{"line":69,"column":30}},"69":{"start":{"line":70,"column":0},"end":{"line":70,"column":36}},"70":{"start":{"line":71,"column":0},"end":{"line":71,"column":30}},"71":{"start":{"line":72,"column":0},"end":{"line":72,"column":59}},"72":{"start":{"line":73,"column":0},"end":{"line":73,"column":35}},"73":{"start":{"line":74,"column":0},"end":{"line":74,"column":20}},"74":{"start":{"line":75,"column":0},"end":{"line":75,"column":74}},"75":{"start":{"line":76,"column":0},"end":{"line":76,"column":20}},"76":{"start":{"line":77,"column":0},"end":{"line":77,"column":14}},"77":{"start":{"line":78,"column":0},"end":{"line":78,"column":12}},"78":{"start":{"line":79,"column":0},"end":{"line":79,"column":31}},"79":{"start":{"line":80,"column":0},"end":{"line":80,"column":9}},"80":{"start":{"line":81,"column":0},"end":{"line":81,"column":13}},"81":{"start":{"line":82,"column":0},"end":{"line":82,"column":30}},"82":{"start":{"line":83,"column":0},"end":{"line":83,"column":59}},"83":{"start":{"line":84,"column":0},"end":{"line":84,"column":35}},"84":{"start":{"line":85,"column":0},"end":{"line":85,"column":20}},"85":{"start":{"line":86,"column":0},"end":{"line":86,"column":75}},"86":{"start":{"line":87,"column":0},"end":{"line":87,"column":20}},"87":{"start":{"line":88,"column":0},"end":{"line":88,"column":14}},"88":{"start":{"line":89,"column":0},"end":{"line":89,"column":12}},"89":{"start":{"line":90,"column":0},"end":{"line":90,"column":31}},"90":{"start":{"line":91,"column":0},"end":{"line":91,"column":9}},"91":{"start":{"line":92,"column":0},"end":{"line":92,"column":13}},"92":{"start":{"line":93,"column":0},"end":{"line":93,"column":28}},"93":{"start":{"line":94,"column":0},"end":{"line":94,"column":58}},"94":{"start":{"line":95,"column":0},"end":{"line":95,"column":35}},"95":{"start":{"line":96,"column":0},"end":{"line":96,"column":20}},"96":{"start":{"line":97,"column":0},"end":{"line":97,"column":74}},"97":{"start":{"line":98,"column":0},"end":{"line":98,"column":20}},"98":{"start":{"line":99,"column":0},"end":{"line":99,"column":14}},"99":{"start":{"line":100,"column":0},"end":{"line":100,"column":12}},"100":{"start":{"line":101,"column":0},"end":{"line":101,"column":32}},"101":{"start":{"line":102,"column":0},"end":{"line":102,"column":9}},"102":{"start":{"line":103,"column":0},"end":{"line":103,"column":13}},"103":{"start":{"line":104,"column":0},"end":{"line":104,"column":43}},"104":{"start":{"line":105,"column":0},"end":{"line":105,"column":3}},"105":{"start":{"line":106,"column":0},"end":{"line":106,"column":14}},"106":{"start":{"line":107,"column":0},"end":{"line":107,"column":2}},"107":{"start":{"line":108,"column":0},"end":{"line":108,"column":0}},"108":{"start":{"line":109,"column":0},"end":{"line":109,"column":41}},"109":{"start":{"line":110,"column":0},"end":{"line":110,"column":32}},"110":{"start":{"line":111,"column":0},"end":{"line":111,"column":7}},"111":{"start":{"line":112,"column":0},"end":{"line":112,"column":6}},"112":{"start":{"line":113,"column":0},"end":{"line":113,"column":66}},"113":{"start":{"line":114,"column":0},"end":{"line":114,"column":2}},"114":{"start":{"line":115,"column":0},"end":{"line":115,"column":0}},"115":{"start":{"line":116,"column":0},"end":{"line":116,"column":27}}},"s":{"0":1,"1":1,"2":1,"3":1,"4":1,"5":1,"6":1,"7":1,"8":1,"9":1,"10":1,"11":1,"12":1,"13":1,"14":1,"15":1,"16":1,"17":1,"18":1,"19":1,"20":1,"21":1,"22":1,"23":1,"24":1,"25":1,"26":1,"27":1,"28":1,"29":1,"30":1,"31":6,"32":6,"33":4,"34":4,"35":2,"36":2,"37":1,"38":2,"39":2,"40":0,"41":0,"42":0,"43":0,"44":0,"45":0,"46":0,"47":0,"48":2,"49":2,"50":1,"51":2,"52":2,"53":2,"54":2,"55":0,"56":0,"57":2,"58":1,"59":1,"60":6,"61":6,"62":6,"63":6,"64":4,"65":6,"66":0,"67":0,"68":0,"69":2,"70":2,"71":2,"72":2,"73":4,"74":4,"75":2,"76":4,"77":4,"78":0,"79":0,"80":0,"81":2,"82":0,"83":0,"84":0,"85":0,"86":0,"87":0,"88":0,"89":2,"90":2,"91":2,"92":2,"93":0,"94":0,"95":0,"96":0,"97":0,"98":0,"99":0,"100":2,"101":2,"102":2,"103":2,"104":2,"105":0,"106":0,"107":1,"108":1,"109":0,"110":0,"111":0,"112":0,"113":0,"114":1,"115":1},"branchMap":{"0":{"type":"branch","line":32,"loc":{"start":{"line":32,"column":0},"end":{"line":37,"column":1}},"locations":[{"start":{"line":32,"column":0},"end":{"line":37,"column":1}}]},"1":{"type":"branch","line":33,"loc":{"start":{"line":33,"column":35},"end":{"line":35,"column":3}},"locations":[{"start":{"line":33,"column":35},"end":{"line":35,"column":3}}]},"2":{"type":"branch","line":36,"loc":{"start":{"line":36,"column":-1},"end":{"line":37,"column":1}},"locations":[{"start":{"line":36,"column":-1},"end":{"line":37,"column":1}}]},"3":{"type":"branch","line":39,"loc":{"start":{"line":39,"column":0},"end":{"line":50,"column":1}},"locations":[{"start":{"line":39,"column":0},"end":{"line":50,"column":1}}]},"4":{"type":"branch","line":40,"loc":{"start":{"line":40,"column":28},"end":{"line":48,"column":3}},"locations":[{"start":{"line":40,"column":28},"end":{"line":48,"column":3}}]},"5":{"type":"branch","line":52,"loc":{"start":{"line":52,"column":0},"end":{"line":58,"column":1}},"locations":[{"start":{"line":52,"column":0},"end":{"line":58,"column":1}}]},"6":{"type":"branch","line":53,"loc":{"start":{"line":53,"column":6},"end":{"line":53,"column":57}},"locations":[{"start":{"line":53,"column":6},"end":{"line":53,"column":57}}]},"7":{"type":"branch","line":55,"loc":{"start":{"line":55,"column":3},"end":{"line":57,"column":3}},"locations":[{"start":{"line":55,"column":3},"end":{"line":57,"column":3}}]},"8":{"type":"branch","line":60,"loc":{"start":{"line":60,"column":42},"end":{"line":107,"column":2}},"locations":[{"start":{"line":60,"column":42},"end":{"line":107,"column":2}}]},"9":{"type":"branch","line":64,"loc":{"start":{"line":64,"column":21},"end":{"line":66,"column":9}},"locations":[{"start":{"line":64,"column":21},"end":{"line":66,"column":9}}]},"10":{"type":"branch","line":66,"loc":{"start":{"line":66,"column":3},"end":{"line":105,"column":3}},"locations":[{"start":{"line":66,"column":3},"end":{"line":105,"column":3}}]},"11":{"type":"branch","line":66,"loc":{"start":{"line":66,"column":34},"end":{"line":70,"column":9}},"locations":[{"start":{"line":66,"column":34},"end":{"line":70,"column":9}}]},"12":{"type":"branch","line":78,"loc":{"start":{"line":78,"column":11},"end":{"line":81,"column":13}},"locations":[{"start":{"line":78,"column":11},"end":{"line":81,"column":13}}]},"13":{"type":"branch","line":82,"loc":{"start":{"line":82,"column":21},"end":{"line":89,"column":12}},"locations":[{"start":{"line":82,"column":21},"end":{"line":89,"column":12}}]},"14":{"type":"branch","line":93,"loc":{"start":{"line":93,"column":20},"end":{"line":100,"column":12}},"locations":[{"start":{"line":93,"column":20},"end":{"line":100,"column":12}}]},"15":{"type":"branch","line":104,"loc":{"start":{"line":104,"column":19},"end":{"line":104,"column":34}},"locations":[{"start":{"line":104,"column":19},"end":{"line":104,"column":34}}]},"16":{"type":"branch","line":104,"loc":{"start":{"line":104,"column":11},"end":{"line":104,"column":43}},"locations":[{"start":{"line":104,"column":11},"end":{"line":104,"column":43}}]},"17":{"type":"branch","line":106,"loc":{"start":{"line":106,"column":-1},"end":{"line":107,"column":2}},"locations":[{"start":{"line":106,"column":-1},"end":{"line":107,"column":2}}]},"18":{"type":"branch","line":73,"loc":{"start":{"line":73,"column":10},"end":{"line":78,"column":12}},"locations":[{"start":{"line":73,"column":10},"end":{"line":78,"column":12}}]},"19":{"type":"branch","line":75,"loc":{"start":{"line":75,"column":14},"end":{"line":76,"column":20}},"locations":[{"start":{"line":75,"column":14},"end":{"line":76,"column":20}}]}},"b":{"0":[6],"1":[4],"2":[2],"3":[2],"4":[0],"5":[2],"6":[0],"7":[0],"8":[6],"9":[4],"10":[2],"11":[0],"12":[0],"13":[0],"14":[0],"15":[0],"16":[0],"17":[0],"18":[4],"19":[2]},"fnMap":{"0":{"name":"isRule","decl":{"start":{"line":32,"column":0},"end":{"line":37,"column":1}},"loc":{"start":{"line":32,"column":0},"end":{"line":37,"column":1}},"line":32},"1":{"name":"isRulesArray","decl":{"start":{"line":39,"column":0},"end":{"line":50,"column":1}},"loc":{"start":{"line":39,"column":0},"end":{"line":50,"column":1}},"line":39},"2":{"name":"isRulesObject","decl":{"start":{"line":52,"column":0},"end":{"line":58,"column":1}},"loc":{"start":{"line":52,"column":0},"end":{"line":58,"column":1}},"line":52},"3":{"name":"authResolver","decl":{"start":{"line":60,"column":42},"end":{"line":107,"column":2}},"loc":{"start":{"line":60,"column":42},"end":{"line":107,"column":2}},"line":60},"4":{"name":"authChecker","decl":{"start":{"line":109,"column":34},"end":{"line":114,"column":2}},"loc":{"start":{"line":109,"column":34},"end":{"line":114,"column":2}},"line":109}},"f":{"0":6,"1":2,"2":2,"3":6,"4":0}}
}
