TN:
SF:src/index.ts
FN:32,isRule
FN:39,isRulesArray
FN:52,isRulesObject
FN:60,authResolver
FN:109,authChecker
FNF:5
FNH:4
FNDA:6,isRule
FNDA:2,isRulesArray
FNDA:2,isRulesObject
FNDA:6,authResolver
FNDA:0,authChecker
DA:1,1
DA:2,1
DA:3,1
DA:4,1
DA:5,1
DA:6,1
DA:7,1
DA:8,1
DA:9,1
DA:10,1
DA:11,1
DA:12,1
DA:13,1
DA:14,1
DA:15,1
DA:16,1
DA:17,1
DA:18,1
DA:19,1
DA:20,1
DA:21,1
DA:22,1
DA:23,1
DA:24,1
DA:25,1
DA:26,1
DA:27,1
DA:28,1
DA:29,1
DA:30,1
DA:31,1
DA:32,6
DA:33,6
DA:34,4
DA:35,4
DA:36,2
DA:37,2
DA:38,1
DA:39,2
DA:40,2
DA:41,0
DA:42,0
DA:43,0
DA:44,0
DA:45,0
DA:46,0
DA:47,0
DA:48,0
DA:49,2
DA:50,2
DA:51,1
DA:52,2
DA:53,2
DA:54,2
DA:55,2
DA:56,0
DA:57,0
DA:58,2
DA:59,1
DA:60,1
DA:61,6
DA:62,6
DA:63,6
DA:64,6
DA:65,4
DA:66,6
DA:67,0
DA:68,0
DA:69,0
DA:70,2
DA:71,2
DA:72,2
DA:73,2
DA:74,4
DA:75,4
DA:76,2
DA:77,4
DA:78,4
DA:79,0
DA:80,0
DA:81,0
DA:82,2
DA:83,0
DA:84,0
DA:85,0
DA:86,0
DA:87,0
DA:88,0
DA:89,0
DA:90,2
DA:91,2
DA:92,2
DA:93,2
DA:94,0
DA:95,0
DA:96,0
DA:97,0
DA:98,0
DA:99,0
DA:100,0
DA:101,2
DA:102,2
DA:103,2
DA:104,2
DA:105,2
DA:106,0
DA:107,0
DA:108,1
DA:109,1
DA:110,0
DA:111,0
DA:112,0
DA:113,0
DA:114,0
DA:115,1
DA:116,1
LF:116
LH:79
BRDA:32,0,0,6
BRDA:33,1,0,4
BRDA:36,2,0,2
BRDA:39,3,0,2
BRDA:40,4,0,0
BRDA:52,5,0,2
BRDA:53,6,0,0
BRDA:55,7,0,0
BRDA:60,8,0,6
BRDA:64,9,0,4
BRDA:66,10,0,2
BRDA:66,11,0,0
BRDA:78,12,0,0
BRDA:82,13,0,0
BRDA:93,14,0,0
BRDA:104,15,0,0
BRDA:104,16,0,0
BRDA:106,17,0,0
BRDA:73,18,0,4
BRDA:75,19,0,2
BRF:20
BRH:10
end_of_record
